{
  "stats": {
    "suites": 2,
    "tests": 4,
    "passes": 4,
    "pending": 0,
    "failures": 0,
    "start": "2024-02-28T21:33:31.974Z",
    "end": "2024-02-28T21:33:39.993Z",
    "duration": 8019,
    "testsRegistered": 4,
    "passPercent": 100,
    "pendingPercent": 0,
    "other": 0,
    "hasOther": false,
    "skipped": 0,
    "hasSkipped": false
  },
  "results": [
    {
      "uuid": "bb73a00a-1624-486b-92ed-7e3b3b85dcc6",
      "title": "",
      "fullFile": "cypress/e2e/qwerty-7017c0b6-131d-4bd5-a012-745db42ab4eb.cy.js",
      "file": "cypress/qwerty-7017c0b6-131d-4bd5-a012-745db42ab4eb.cy.js",
      "beforeHooks": [],
      "afterHooks": [],
      "tests": [],
      "suites": [
        {
          "uuid": "6ee40c90-5075-445a-aed9-6076e0bb9cc3",
          "title": "Test Suite 1 - Login Tests",
          "fullFile": "",
          "file": "",
          "beforeHooks": [],
          "afterHooks": [],
          "tests": [
            {
              "title": "Test Case 1 - Login with Standard User",
              "fullTitle": "Test Suite 1 - Login Tests Test Case 1 - Login with Standard User",
              "timedOut": null,
              "duration": 3297,
              "state": "passed",
              "speed": "fast",
              "pass": true,
              "fail": false,
              "pending": false,
              "context": null,
              "code": "cy.get(\"input#user-name\").type('standard_user');\ncy.get(\"input#password\").type('secret_sauce');\ncy.get(\"input#login-button\").click();",
              "err": {},
              "uuid": "02ca9cfd-8f26-4a64-aebc-f0266f5a40b2",
              "parentUUID": "6ee40c90-5075-445a-aed9-6076e0bb9cc3",
              "isHook": false,
              "skipped": false
            },
            {
              "title": "Test Case 2 - Login with Another User",
              "fullTitle": "Test Suite 1 - Login Tests Test Case 2 - Login with Another User",
              "timedOut": null,
              "duration": 887,
              "state": "passed",
              "speed": "fast",
              "pass": true,
              "fail": false,
              "pending": false,
              "context": null,
              "code": "cy.get(\"input#user-name\").type('another_user');\ncy.get(\"input#password\").type('another_secret_sauce');\ncy.get(\"input#login-button\").click();",
              "err": {},
              "uuid": "9f330a5a-4772-4693-af58-b0c9a6028574",
              "parentUUID": "6ee40c90-5075-445a-aed9-6076e0bb9cc3",
              "isHook": false,
              "skipped": false
            }
          ],
          "suites": [],
          "passes": [
            "02ca9cfd-8f26-4a64-aebc-f0266f5a40b2",
            "9f330a5a-4772-4693-af58-b0c9a6028574"
          ],
          "failures": [],
          "pending": [],
          "skipped": [],
          "duration": 4184,
          "root": false,
          "rootEmpty": false,
          "_timeout": 2000
        },
        {
          "uuid": "5b2786fa-fe89-49d5-a878-a1163aecaa37",
          "title": "Test Suite 2 - Test @",
          "fullFile": "",
          "file": "",
          "beforeHooks": [],
          "afterHooks": [],
          "tests": [
            {
              "title": "Test Case 1 - Login with Standard User",
              "fullTitle": "Test Suite 2 - Test @ Test Case 1 - Login with Standard User",
              "timedOut": null,
              "duration": 832,
              "state": "passed",
              "speed": "fast",
              "pass": true,
              "fail": false,
              "pending": false,
              "context": null,
              "code": "cy.get(\"input#user-name\").type('standard_user');\ncy.get(\"input#password\").type('secret_sauce');\ncy.get(\"input#login-button\").click();",
              "err": {},
              "uuid": "d35870e7-f63d-4a32-b42d-5ebade6f37f2",
              "parentUUID": "5b2786fa-fe89-49d5-a878-a1163aecaa37",
              "isHook": false,
              "skipped": false
            },
            {
              "title": "Test Case 2 - Login with Another User",
              "fullTitle": "Test Suite 2 - Test @ Test Case 2 - Login with Another User",
              "timedOut": null,
              "duration": 826,
              "state": "passed",
              "speed": "fast",
              "pass": true,
              "fail": false,
              "pending": false,
              "context": null,
              "code": "cy.get(\"input#user-name\").type('another_user');\ncy.get(\"input#password\").type('another_secret_sauce');\ncy.get(\"input#login-button\").click();",
              "err": {},
              "uuid": "4f9e0a45-1a58-4f7d-886f-dfd97852f2c0",
              "parentUUID": "5b2786fa-fe89-49d5-a878-a1163aecaa37",
              "isHook": false,
              "skipped": false
            }
          ],
          "suites": [],
          "passes": [
            "d35870e7-f63d-4a32-b42d-5ebade6f37f2",
            "4f9e0a45-1a58-4f7d-886f-dfd97852f2c0"
          ],
          "failures": [],
          "pending": [],
          "skipped": [],
          "duration": 1658,
          "root": false,
          "rootEmpty": false,
          "_timeout": 2000
        }
      ],
      "passes": [],
      "failures": [],
      "pending": [],
      "skipped": [],
      "duration": 0,
      "root": true,
      "rootEmpty": true,
      "_timeout": 2000
    }
  ],
  "meta": {
    "mocha": {
      "version": "7.0.1"
    },
    "mochawesome": {
      "options": {
        "quiet": false,
        "reportFilename": "mochawesome",
        "saveHtml": false,
        "saveJson": true,
        "consoleReporter": "spec",
        "useInlineDiffs": false,
        "code": true
      },
      "version": "7.1.3"
    },
    "marge": {
      "options": {
        "reportDir": "cypress/results",
        "overwrite": false,
        "html": false,
        "json": true
      },
      "version": "6.2.0"
    }
  }
}