{
  "stats": {
    "suites": 5,
    "tests": 5,
    "passes": 0,
    "pending": 0,
    "failures": 5,
    "start": "2024-02-28T20:54:45.927Z",
    "end": "2024-02-28T20:55:03.977Z",
    "duration": 18050,
    "testsRegistered": 5,
    "passPercent": 0,
    "pendingPercent": 0,
    "other": 0,
    "hasOther": false,
    "skipped": 0,
    "hasSkipped": false
  },
  "results": [
    {
      "uuid": "4779a911-d4d5-4ae4-98e4-4290bae1661b",
      "title": "",
      "fullFile": "cypress/e2e/demo-72231b0e-43ed-4196-8584-fc1ecf88e5d4.cy.js",
      "file": "cypress/demo-72231b0e-43ed-4196-8584-fc1ecf88e5d4.cy.js",
      "beforeHooks": [],
      "afterHooks": [],
      "tests": [],
      "suites": [
        {
          "uuid": "60706f7b-3dd9-4ced-a1da-b5363b8d0164",
          "title": "monuTest",
          "fullFile": "",
          "file": "",
          "beforeHooks": [],
          "afterHooks": [],
          "tests": [
            {
              "title": "should execute test steps",
              "fullTitle": "monuTest should execute test steps",
              "timedOut": null,
              "duration": 2657,
              "state": "failed",
              "speed": null,
              "pass": false,
              "fail": true,
              "pending": false,
              "context": null,
              "code": "cy.get(\"['data-test=new-todo']\").type('Feed the cat');",
              "err": {
                "message": "Error: Syntax error, unrecognized expression: ['data-test=new-todo']",
                "estack": "Error: Syntax error, unrecognized expression: ['data-test=new-todo']\n    at Sizzle.error (https://www.google.com/__cypress/runner/cypress_runner.js:8470:8)\n    at Sizzle.tokenize (https://www.google.com/__cypress/runner/cypress_runner.js:9122:11)\n    at Sizzle.select (https://www.google.com/__cypress/runner/cypress_runner.js:9549:20)\n    at Function.Sizzle [as find] (https://www.google.com/__cypress/runner/cypress_runner.js:7774:9)\n    at jQuery.fn.init.find (https://www.google.com/__cypress/runner/cypress_runner.js:9805:11)\n    at new jQuery.fn.init (https://www.google.com/__cypress/runner/cypress_runner.js:9920:40)\n    at Object.query (https://www.google.com/__cypress/runner/cypress_runner.js:34703:10)\n    at $Cy.$$ (https://www.google.com/__cypress/runner/cypress_runner.js:140248:57)\n    at <unknown> (https://www.google.com/__cypress/runner/cypress_runner.js:132137:18)\n    at Object.subjectFn (https://www.google.com/__cypress/runner/cypress_runner.js:144040:16)\n    at $Cy.verifyUpcomingAssertions (https://www.google.com/__cypress/runner/cypress_runner.js:143384:31)\n    at onRetry (https://www.google.com/__cypress/runner/cypress_runner.js:144031:15)\n    at retryQuery (https://www.google.com/__cypress/runner/cypress_runner.js:144044:10)\n    at <unknown> (https://www.google.com/__cypress/runner/cypress_runner.js:144194:17)\n    at tryCatcher (https://www.google.com/__cypress/runner/cypress_runner.js:1807:23)\n    at Promise._settlePromiseFromHandler (https://www.google.com/__cypress/runner/cypress_runner.js:1519:31)\n    at Promise._settlePromise (https://www.google.com/__cypress/runner/cypress_runner.js:1576:18)\n    at Promise._settlePromiseCtx (https://www.google.com/__cypress/runner/cypress_runner.js:1613:10)\n    at _drainQueueStep (https://www.google.com/__cypress/runner/cypress_runner.js:2411:12)\n    at _drainQueue (https://www.google.com/__cypress/runner/cypress_runner.js:2400:9)\n    at Async._drainQueues (https://www.google.com/__cypress/runner/cypress_runner.js:2416:5)\n    at Async.drainQueues (https://www.google.com/__cypress/runner/cypress_runner.js:2286:14)",
                "diff": null
              },
              "uuid": "e41203e9-3557-4675-a0fe-64a578a85c42",
              "parentUUID": "60706f7b-3dd9-4ced-a1da-b5363b8d0164",
              "isHook": false,
              "skipped": false
            }
          ],
          "suites": [],
          "passes": [],
          "failures": [
            "e41203e9-3557-4675-a0fe-64a578a85c42"
          ],
          "pending": [],
          "skipped": [],
          "duration": 2657,
          "root": false,
          "rootEmpty": false,
          "_timeout": 2000
        },
        {
          "uuid": "fcede29c-24e4-4946-8daa-396bb5a55eda",
          "title": "todoAppTests",
          "fullFile": "",
          "file": "",
          "beforeHooks": [],
          "afterHooks": [],
          "tests": [
            {
              "title": "should execute test steps",
              "fullTitle": "todoAppTests should execute test steps",
              "timedOut": null,
              "duration": 2264,
              "state": "failed",
              "speed": null,
              "pass": false,
              "fail": true,
              "pending": false,
              "context": null,
              "code": "cy.visit('https://example.cypress.io/todo');\ncy.visit(\"https://google.com\");\ncy.get(\".todo-list li\").should('include.text', 'Pay electric bill');\ncy.get(\".todo-list li\").should('include.text', 'Walk the dog');\ncy.get(\"['data-test=new-todo']\").type('Feed the cat');\ncy.get('body').type('Enter');\ncy.get(\".todo-list li\").should('include.text', 'Feed the cat');\ncy.get(\".todo-list li:nth-child(1) input[type=checkbox]\").check();\ncy.get(\".todo-list li:nth-child(1)\").should('have.class', 'completed');\ncy.get(\":contains('Active')\").click();\ncy.get(\".todo-list li\").should('include.text', 'Walk the dog');\ncy.get(\":contains('Pay electric bill')\").should('not.exist');\ncy.get(\":contains('Completed')\").click();\ncy.get(\".todo-list li\").should('include.text', 'Pay electric bill');\ncy.get(\":contains('Walk the dog')\").should('not.exist');\ncy.get(\":contains('Clear completed')\").click();\ncy.get(\".todo-list li\").should('have.length', 1);\ncy.get(\":contains('Clear completed')\").should('not.exist');",
              "err": {
                "message": "Error: The following error originated from your application code, not from Cypress.\n\n  > Blocked a frame with origin \"https://www.google.com\" from accessing a cross-origin frame.\n\nThis error was thrown by a cross origin page. If you wish to suppress this error you will have to use the cy.origin command to handle the error prior to visiting the page.\n\n`cy.origin('https://www.google.com', () => {`\n`  cy.on('uncaught:exception', (e) => {`\n`    if (e.message.includes('Things went bad')) {`\n`      // we expected this error, so let's ignore it`\n`      // and let the test continue`\n`      return false`\n`    }`\n`  })`\n`})`\n`cy.visit('https://www.google.com/')`\n\nWhen Cypress detects uncaught errors originating from your application it will automatically fail the current test.\n\nThis behavior is configurable, and you can choose to turn this off by listening to the `uncaught:exception` event.\n\nhttps://on.cypress.io/uncaught-exception-from-application\n\nhttps://on.cypress.io/origin",
                "estack": "Error: The following error originated from your application code, not from Cypress.\n\n  > Blocked a frame with origin \"https://www.google.com\" from accessing a cross-origin frame.\n\nThis error was thrown by a cross origin page. If you wish to suppress this error you will have to use the cy.origin command to handle the error prior to visiting the page.\n\n`cy.origin('https://www.google.com', () => {`\n`  cy.on('uncaught:exception', (e) => {`\n`    if (e.message.includes('Things went bad')) {`\n`      // we expected this error, so let's ignore it`\n`      // and let the test continue`\n`      return false`\n`    }`\n`  })`\n`})`\n`cy.visit('https://www.google.com/')`\n\nWhen Cypress detects uncaught errors originating from your application it will automatically fail the current test.\n\nThis behavior is configurable, and you can choose to turn this off by listening to the `uncaught:exception` event.\n\nhttps://on.cypress.io/uncaught-exception-from-application\n\nhttps://on.cypress.io/origin\n    at cypressErr (https://example.cypress.io/__cypress/runner/cypress_runner.js:75257:18)\n    at Object.errByPath (https://example.cypress.io/__cypress/runner/cypress_runner.js:75312:10)\n    at PrimaryOriginCommunicator.<anonymous> (https://example.cypress.io/__cypress/runner/cypress_runner.js:169612:72)\n    at PrimaryOriginCommunicator.emit (https://example.cypress.io/__cypress/runner/cypress_runner.js:146411:5)\n    at PrimaryOriginCommunicator.onMessage (https://example.cypress.io/__cypress/runner/cypress_runner.js:168932:12)\n    at crossOriginOnMessageRef (https://example.cypress.io/__/assets/index-ec1c3da3.js:146348:72)",
                "diff": null
              },
              "uuid": "eea5d43b-bcf2-4914-b48b-26bfccfe48d5",
              "parentUUID": "fcede29c-24e4-4946-8daa-396bb5a55eda",
              "isHook": false,
              "skipped": false
            }
          ],
          "suites": [],
          "passes": [],
          "failures": [
            "eea5d43b-bcf2-4914-b48b-26bfccfe48d5"
          ],
          "pending": [],
          "skipped": [],
          "duration": 2264,
          "root": false,
          "rootEmpty": false,
          "_timeout": 2000
        },
        {
          "uuid": "0d7f06cb-103c-4955-8e54-2c2d59aeb467",
          "title": "googleSearch",
          "fullFile": "",
          "file": "",
          "beforeHooks": [],
          "afterHooks": [],
          "tests": [
            {
              "title": "should execute test steps",
              "fullTitle": "googleSearch should execute test steps",
              "timedOut": null,
              "duration": 5733,
              "state": "failed",
              "speed": null,
              "pass": false,
              "fail": true,
              "pending": false,
              "context": null,
              "code": "cy.visit('https://www.google.com');\ncy.get(\"input[name='q']\").type('Cypress E2E testing');\ncy.get('body').type('Enter');\ncy.wait(2000);\ncy.get(\"None\").should('include.text', 'Cypress E2E testing');",
              "err": {
                "message": "AssertionError: Timed out retrying after 4000ms: Expected to find element: `input[name='q']`, but never found it.",
                "estack": "AssertionError: Timed out retrying after 4000ms: Expected to find element: `input[name='q']`, but never found it.\n    at Context.eval (webpack:///./cypress/e2e/demo-72231b0e-43ed-4196-8584-fc1ecf88e5d4.cy.js:55:31)",
                "diff": null
              },
              "uuid": "a0c46737-73f0-40f1-ab6f-402e91a4f0ac",
              "parentUUID": "0d7f06cb-103c-4955-8e54-2c2d59aeb467",
              "isHook": false,
              "skipped": false
            }
          ],
          "suites": [],
          "passes": [],
          "failures": [
            "a0c46737-73f0-40f1-ab6f-402e91a4f0ac"
          ],
          "pending": [],
          "skipped": [],
          "duration": 5733,
          "root": false,
          "rootEmpty": false,
          "_timeout": 2000
        },
        {
          "uuid": "6d2405d2-4797-4f08-9275-c35ea56db377",
          "title": "test1",
          "fullFile": "",
          "file": "",
          "beforeHooks": [],
          "afterHooks": [],
          "tests": [
            {
              "title": "should execute test steps",
              "fullTitle": "test1 should execute test steps",
              "timedOut": null,
              "duration": 200,
              "state": "failed",
              "speed": null,
              "pass": false,
              "fail": true,
              "pending": false,
              "context": null,
              "code": "cy.visit('/path/to/test1');\ncy.visit(\"/path/to/test1\");\ncy.get(\"button#login-btn\").click();\ncy.get(\"input#username\").type('testuser');\ncy.get(\"input#password\").type('testpassword');\ncy.get('body').type('Enter');\ncy.wait(2000);\ncy.get('body').scrollDown(300);\ncy.get(\"a#hover-element\").trigger('mouseover');\ncy.get(\"div#success-message\").should('exist');",
              "err": {
                "message": "TypeError: cy.get(...).scrollDown is not a function",
                "estack": "TypeError: cy.get(...).scrollDown is not a function\n    at Context.eval (webpack:///./cypress/e2e/demo-72231b0e-43ed-4196-8584-fc1ecf88e5d4.cy.js:75:15)",
                "diff": null
              },
              "uuid": "518ecb7d-a57a-48cb-979b-9e18eefc1c73",
              "parentUUID": "6d2405d2-4797-4f08-9275-c35ea56db377",
              "isHook": false,
              "skipped": false
            }
          ],
          "suites": [],
          "passes": [],
          "failures": [
            "518ecb7d-a57a-48cb-979b-9e18eefc1c73"
          ],
          "pending": [],
          "skipped": [],
          "duration": 200,
          "root": false,
          "rootEmpty": false,
          "_timeout": 2000
        },
        {
          "uuid": "2cf6ee2c-769c-49b5-bfa1-3b7cd238c468",
          "title": "test2",
          "fullFile": "",
          "file": "",
          "beforeHooks": [],
          "afterHooks": [],
          "tests": [
            {
              "title": "should execute test steps",
              "fullTitle": "test2 should execute test steps",
              "timedOut": null,
              "duration": 261,
              "state": "failed",
              "speed": null,
              "pass": false,
              "fail": true,
              "pending": false,
              "context": null,
              "code": "cy.visit('/path/to/test2');\ncy.visit(\"/path/to/test2\");\ncy.get(\"button#load-data-btn\").click();\ncy.wait(1000);\ncy.get(\"select#data-dropdown\").select('Option 1');\ncy.get(\"input#agree-checkbox\").check();\ncy.get(\"input#disagree-checkbox\").uncheck();\ncy.get(\"div#result\").should('include.text', 'Data loaded successfully');",
              "err": {
                "message": "CypressError: `cy.visit()` failed trying to load:\n\n/path/to/test2\n\nWe failed looking for this file at the path:\n\n/e2e/path/to/test2\n\nThe internal Cypress web server responded with:\n\n  > 404: Not Found",
                "estack": "CypressError: `cy.visit()` failed trying to load:\n\n/path/to/test2\n\nWe failed looking for this file at the path:\n\n/e2e/path/to/test2\n\nThe internal Cypress web server responded with:\n\n  > 404: Not Found\n    at <unknown> (https://www.google.com/__cypress/runner/cypress_runner.js:130958:76)\n    at visitFailedByErr (https://www.google.com/__cypress/runner/cypress_runner.js:130372:12)\n    at <unknown> (https://www.google.com/__cypress/runner/cypress_runner.js:130941:13)\n    at tryCatcher (https://www.google.com/__cypress/runner/cypress_runner.js:1807:23)\n    at Promise._settlePromiseFromHandler (https://www.google.com/__cypress/runner/cypress_runner.js:1519:31)\n    at Promise._settlePromise (https://www.google.com/__cypress/runner/cypress_runner.js:1576:18)\n    at Promise._settlePromise0 (https://www.google.com/__cypress/runner/cypress_runner.js:1621:10)\n    at Promise._settlePromises (https://www.google.com/__cypress/runner/cypress_runner.js:1697:18)\n    at _drainQueueStep (https://www.google.com/__cypress/runner/cypress_runner.js:2407:12)\n    at _drainQueue (https://www.google.com/__cypress/runner/cypress_runner.js:2400:9)\n    at Async._drainQueues (https://www.google.com/__cypress/runner/cypress_runner.js:2416:5)\n    at Async.drainQueues (https://www.google.com/__cypress/runner/cypress_runner.js:2286:14)\nFrom Your Spec Code:\n    at Context.eval (webpack:///./cypress/e2e/demo-72231b0e-43ed-4196-8584-fc1ecf88e5d4.cy.js:86:31)",
                "diff": null
              },
              "uuid": "b0bfed97-97d7-4d90-a0ae-4a8777f26068",
              "parentUUID": "2cf6ee2c-769c-49b5-bfa1-3b7cd238c468",
              "isHook": false,
              "skipped": false
            }
          ],
          "suites": [],
          "passes": [],
          "failures": [
            "b0bfed97-97d7-4d90-a0ae-4a8777f26068"
          ],
          "pending": [],
          "skipped": [],
          "duration": 261,
          "root": false,
          "rootEmpty": false,
          "_timeout": 2000
        }
      ],
      "passes": [],
      "failures": [],
      "pending": [],
      "skipped": [],
      "duration": 0,
      "root": true,
      "rootEmpty": true,
      "_timeout": 2000
    }
  ],
  "meta": {
    "mocha": {
      "version": "7.0.1"
    },
    "mochawesome": {
      "options": {
        "quiet": false,
        "reportFilename": "mochawesome",
        "saveHtml": false,
        "saveJson": true,
        "consoleReporter": "spec",
        "useInlineDiffs": false,
        "code": true
      },
      "version": "7.1.3"
    },
    "marge": {
      "options": {
        "reportDir": "cypress/results",
        "overwrite": false,
        "html": false,
        "json": true
      },
      "version": "6.2.0"
    }
  }
}