{
  "stats": {
    "suites": 6,
    "tests": 4,
    "passes": 2,
    "pending": 0,
    "failures": 2,
    "start": "2024-02-28T21:24:49.921Z",
    "end": "2024-02-28T21:24:56.281Z",
    "duration": 6360,
    "testsRegistered": 4,
    "passPercent": 50,
    "pendingPercent": 0,
    "other": 0,
    "hasOther": false,
    "skipped": 0,
    "hasSkipped": false
  },
  "results": [
    {
      "uuid": "89a91daa-72fc-4371-8cbc-46a827c07914",
      "title": "",
      "fullFile": "cypress/e2e/qwerty-8dfd1032-b38e-4a20-8e7b-fa892e257278.cy.js",
      "file": "cypress/qwerty-8dfd1032-b38e-4a20-8e7b-fa892e257278.cy.js",
      "beforeHooks": [],
      "afterHooks": [],
      "tests": [],
      "suites": [
        {
          "uuid": "de93f878-f16e-48e6-80b4-b309064aed08",
          "title": "Test Suite 1 - Login Tests",
          "fullFile": "",
          "file": "",
          "beforeHooks": [],
          "afterHooks": [],
          "tests": [],
          "suites": [
            {
              "uuid": "46e438b8-5ba3-4ed1-8339-b34a82ef57cb",
              "title": "Test Case 1 - Login with Standard User",
              "fullFile": "",
              "file": "",
              "beforeHooks": [],
              "afterHooks": [],
              "tests": [
                {
                  "title": "should execute test steps",
                  "fullTitle": "Test Suite 1 - Login Tests Test Case 1 - Login with Standard User should execute test steps",
                  "timedOut": null,
                  "duration": 2398,
                  "state": "passed",
                  "speed": "fast",
                  "pass": true,
                  "fail": false,
                  "pending": false,
                  "context": null,
                  "code": "cy.get(\"input#user-name\").type('standard_user');\ncy.get(\"input#password\").type('secret_sauce');\ncy.get(\"input#login-button\").click();",
                  "err": {},
                  "uuid": "ee5334e2-0507-4f08-b92f-fd0e46748e09",
                  "parentUUID": "46e438b8-5ba3-4ed1-8339-b34a82ef57cb",
                  "isHook": false,
                  "skipped": false
                }
              ],
              "suites": [],
              "passes": [
                "ee5334e2-0507-4f08-b92f-fd0e46748e09"
              ],
              "failures": [],
              "pending": [],
              "skipped": [],
              "duration": 2398,
              "root": false,
              "rootEmpty": false,
              "_timeout": 2000
            },
            {
              "uuid": "f2e017c5-3727-48c2-9618-5444c3d01f8c",
              "title": "Test Case 2 - Login with Another User",
              "fullFile": "",
              "file": "",
              "beforeHooks": [],
              "afterHooks": [],
              "tests": [
                {
                  "title": "should execute test steps",
                  "fullTitle": "Test Suite 1 - Login Tests Test Case 2 - Login with Another User should execute test steps",
                  "timedOut": null,
                  "duration": 482,
                  "state": "failed",
                  "speed": null,
                  "pass": false,
                  "fail": true,
                  "pending": false,
                  "context": null,
                  "code": "cy.get(\"input#user-name\").type('another_user');\ncy.get(\"input#password\").type('another_secret_sauce');\ncy.get(\"input#login-button\").click();",
                  "err": {
                    "message": "CypressError: `cy.visit()` failed trying to load:\n\nhttps://www.saucedemo.com/v2/\n\nThe response we received from your web server was:\n\n  > 404: Not Found\n\nThis was considered a failure because the status code was not `2xx`.\n\nIf you do not want status codes to cause failures pass the option: `failOnStatusCode: false`\n\nBecause this error occurred during a `before each` hook we are skipping the remaining tests in the current suite: `Test Case 2 - Login with An...`",
                    "estack": "CypressError: `cy.visit()` failed trying to load:\n\nhttps://www.saucedemo.com/v2/\n\nThe response we received from your web server was:\n\n  > 404: Not Found\n\nThis was considered a failure because the status code was not `2xx`.\n\nIf you do not want status codes to cause failures pass the option: `failOnStatusCode: false`\n\nBecause this error occurred during a `before each` hook we are skipping the remaining tests in the current suite: `Test Case 2 - Login with An...`\n    at <unknown> (https://www.saucedemo.com/__cypress/runner/cypress_runner.js:130958:76)\n    at visitFailedByErr (https://www.saucedemo.com/__cypress/runner/cypress_runner.js:130372:12)\n    at <unknown> (https://www.saucedemo.com/__cypress/runner/cypress_runner.js:130941:13)\n    at tryCatcher (https://www.saucedemo.com/__cypress/runner/cypress_runner.js:1807:23)\n    at Promise._settlePromiseFromHandler (https://www.saucedemo.com/__cypress/runner/cypress_runner.js:1519:31)\n    at Promise._settlePromise (https://www.saucedemo.com/__cypress/runner/cypress_runner.js:1576:18)\n    at Promise._settlePromise0 (https://www.saucedemo.com/__cypress/runner/cypress_runner.js:1621:10)\n    at Promise._settlePromises (https://www.saucedemo.com/__cypress/runner/cypress_runner.js:1697:18)\n    at _drainQueueStep (https://www.saucedemo.com/__cypress/runner/cypress_runner.js:2407:12)\n    at _drainQueue (https://www.saucedemo.com/__cypress/runner/cypress_runner.js:2400:9)\n    at Async._drainQueues (https://www.saucedemo.com/__cypress/runner/cypress_runner.js:2416:5)\n    at Async.drainQueues (https://www.saucedemo.com/__cypress/runner/cypress_runner.js:2286:14)\nFrom Your Spec Code:\n    at Context.eval (webpack:///./cypress/e2e/qwerty-8dfd1032-b38e-4a20-8e7b-fa892e257278.cy.js:23:15)",
                    "diff": null
                  },
                  "uuid": "2990c4ac-8565-41ea-95f9-3edbbce13757",
                  "parentUUID": "f2e017c5-3727-48c2-9618-5444c3d01f8c",
                  "isHook": false,
                  "skipped": false
                }
              ],
              "suites": [],
              "passes": [],
              "failures": [
                "2990c4ac-8565-41ea-95f9-3edbbce13757"
              ],
              "pending": [],
              "skipped": [],
              "duration": 482,
              "root": false,
              "rootEmpty": false,
              "_timeout": 2000
            }
          ],
          "passes": [],
          "failures": [],
          "pending": [],
          "skipped": [],
          "duration": 0,
          "root": false,
          "rootEmpty": false,
          "_timeout": 2000
        },
        {
          "uuid": "5149fa2c-6b16-4114-b4bc-6c03d8745f81",
          "title": "Test Suite 2 - Test @",
          "fullFile": "",
          "file": "",
          "beforeHooks": [],
          "afterHooks": [],
          "tests": [],
          "suites": [
            {
              "uuid": "53a6b676-cf1b-4281-bdf5-2ffcdd0f379b",
              "title": "Test Case 1 - Login with Standard User",
              "fullFile": "",
              "file": "",
              "beforeHooks": [],
              "afterHooks": [],
              "tests": [
                {
                  "title": "should execute test steps",
                  "fullTitle": "Test Suite 2 - Test @ Test Case 1 - Login with Standard User should execute test steps",
                  "timedOut": null,
                  "duration": 814,
                  "state": "passed",
                  "speed": "fast",
                  "pass": true,
                  "fail": false,
                  "pending": false,
                  "context": null,
                  "code": "cy.get(\"input#user-name\").type('standard_user');\ncy.get(\"input#password\").type('secret_sauce');\ncy.get(\"input#login-button\").click();",
                  "err": {},
                  "uuid": "681a4ef2-c8e0-40e4-8f91-f0f541baac52",
                  "parentUUID": "53a6b676-cf1b-4281-bdf5-2ffcdd0f379b",
                  "isHook": false,
                  "skipped": false
                }
              ],
              "suites": [],
              "passes": [
                "681a4ef2-c8e0-40e4-8f91-f0f541baac52"
              ],
              "failures": [],
              "pending": [],
              "skipped": [],
              "duration": 814,
              "root": false,
              "rootEmpty": false,
              "_timeout": 2000
            },
            {
              "uuid": "f330cd3f-6877-432c-8a11-8255ad07464a",
              "title": "Test Case 2 - Login with Another User",
              "fullFile": "",
              "file": "",
              "beforeHooks": [],
              "afterHooks": [],
              "tests": [
                {
                  "title": "should execute test steps",
                  "fullTitle": "Test Suite 2 - Test @ Test Case 2 - Login with Another User should execute test steps",
                  "timedOut": null,
                  "duration": 266,
                  "state": "failed",
                  "speed": null,
                  "pass": false,
                  "fail": true,
                  "pending": false,
                  "context": null,
                  "code": "cy.get(\"input#user-name\").type('another_user');\ncy.get(\"input#password\").type('another_secret_sauce');\ncy.get(\"input#login-button\").click();",
                  "err": {
                    "message": "CypressError: `cy.visit()` failed trying to load:\n\nhttps://www.saucedemo.com/v2/\n\nThe response we received from your web server was:\n\n  > 404: Not Found\n\nThis was considered a failure because the status code was not `2xx`.\n\nIf you do not want status codes to cause failures pass the option: `failOnStatusCode: false`\n\nBecause this error occurred during a `before each` hook we are skipping the remaining tests in the current suite: `Test Case 2 - Login with An...`",
                    "estack": "CypressError: `cy.visit()` failed trying to load:\n\nhttps://www.saucedemo.com/v2/\n\nThe response we received from your web server was:\n\n  > 404: Not Found\n\nThis was considered a failure because the status code was not `2xx`.\n\nIf you do not want status codes to cause failures pass the option: `failOnStatusCode: false`\n\nBecause this error occurred during a `before each` hook we are skipping the remaining tests in the current suite: `Test Case 2 - Login with An...`\n    at <unknown> (https://www.saucedemo.com/__cypress/runner/cypress_runner.js:130958:76)\n    at visitFailedByErr (https://www.saucedemo.com/__cypress/runner/cypress_runner.js:130372:12)\n    at <unknown> (https://www.saucedemo.com/__cypress/runner/cypress_runner.js:130941:13)\n    at tryCatcher (https://www.saucedemo.com/__cypress/runner/cypress_runner.js:1807:23)\n    at Promise._settlePromiseFromHandler (https://www.saucedemo.com/__cypress/runner/cypress_runner.js:1519:31)\n    at Promise._settlePromise (https://www.saucedemo.com/__cypress/runner/cypress_runner.js:1576:18)\n    at Promise._settlePromise0 (https://www.saucedemo.com/__cypress/runner/cypress_runner.js:1621:10)\n    at Promise._settlePromises (https://www.saucedemo.com/__cypress/runner/cypress_runner.js:1697:18)\n    at _drainQueueStep (https://www.saucedemo.com/__cypress/runner/cypress_runner.js:2407:12)\n    at _drainQueue (https://www.saucedemo.com/__cypress/runner/cypress_runner.js:2400:9)\n    at Async._drainQueues (https://www.saucedemo.com/__cypress/runner/cypress_runner.js:2416:5)\n    at Async.drainQueues (https://www.saucedemo.com/__cypress/runner/cypress_runner.js:2286:14)\nFrom Your Spec Code:\n    at Context.eval (webpack:///./cypress/e2e/qwerty-8dfd1032-b38e-4a20-8e7b-fa892e257278.cy.js:58:15)",
                    "diff": null
                  },
                  "uuid": "44e515b1-99e4-457d-b2f6-0ea67c47d854",
                  "parentUUID": "f330cd3f-6877-432c-8a11-8255ad07464a",
                  "isHook": false,
                  "skipped": false
                }
              ],
              "suites": [],
              "passes": [],
              "failures": [
                "44e515b1-99e4-457d-b2f6-0ea67c47d854"
              ],
              "pending": [],
              "skipped": [],
              "duration": 266,
              "root": false,
              "rootEmpty": false,
              "_timeout": 2000
            }
          ],
          "passes": [],
          "failures": [],
          "pending": [],
          "skipped": [],
          "duration": 0,
          "root": false,
          "rootEmpty": false,
          "_timeout": 2000
        }
      ],
      "passes": [],
      "failures": [],
      "pending": [],
      "skipped": [],
      "duration": 0,
      "root": true,
      "rootEmpty": true,
      "_timeout": 2000
    }
  ],
  "meta": {
    "mocha": {
      "version": "7.0.1"
    },
    "mochawesome": {
      "options": {
        "quiet": false,
        "reportFilename": "mochawesome",
        "saveHtml": false,
        "saveJson": true,
        "consoleReporter": "spec",
        "useInlineDiffs": false,
        "code": true
      },
      "version": "7.1.3"
    },
    "marge": {
      "options": {
        "reportDir": "cypress/results",
        "overwrite": false,
        "html": false,
        "json": true
      },
      "version": "6.2.0"
    }
  }
}